<?xml version="1.0" encoding="UTF-8"?>
<!-- Generated by org.testng.reporters.JUnitReportReporter -->
<testsuite hostname="USPF36D4YR" failures="0" tests="1" name="com.mycompany.app.AppDemo" time="0.008" errors="0" timestamp="2021-11-29T06:54:55 CST" skipped="0">
  <testcase classname="com.mycompany.app.AppDemo" name="test" time="0.008"/>
  <system-out/>
</testsuite> <!-- com.mycompany.app.AppDemo -->
