<?xml version="1.0" encoding="UTF-8"?>
<!-- Generated by org.testng.reporters.JUnitReportReporter -->
<testsuite hostname="USPF36D4YR" failures="0" tests="1" name="com.mycompany.app.AppTest" time="0.002" errors="0" timestamp="2021-11-29T06:54:55 CST" skipped="0">
  <testcase classname="com.mycompany.app.AppTest" name="shouldAnswerWithTrue" time="0.002"/>
  <system-out/>
</testsuite> <!-- com.mycompany.app.AppTest -->
